<?xml version="1.0" encoding="UTF-8"?>
<!-- Generated by org.testng.reporters.JUnitXMLReporter -->
<testsuite hostname="DESKTOP-MMJC98U" ignored="0" name="Free CRM App Test Cases" tests="4" failures="1" timestamp="13 Jul 2019 10:54:36 GMT" time="70.236" errors="0">
  <testcase name="validateTitlePageTest" time="0.044" classname="com.crm.qa.testpage.LoginPageTest"/>
  <testcase name="loginTest" time="7.97" classname="com.crm.qa.testpage.LoginPageTest"/>
  <testcase name="ValidateHomepageTest" time="1.623" classname="com.crm.qa.testpage.LoginPageTest"/>
  <testcase name="validateSignupbuttonTest" time="7.045" classname="com.crm.qa.testpage.LoginPageTest">
    <failure type="java.lang.AssertionError" message="expected [https://classic.crmpro.com/register/] but found [https://www.crmpro.com/register/]">
      <![CDATA[java.lang.AssertionError: expected [https://classic.crmpro.com/register/] but found [https://www.crmpro.com/register/]
	at com.crm.qa.testpage.LoginPageTest.validateSignupbuttonTest(LoginPageTest.java:70)
... Removed 31 stack frames]]>
    </failure>
  </testcase> <!-- validateSignupbuttonTest -->
</testsuite> <!-- Free CRM App Test Cases -->
